MSBuild version 17.10.0-preview-24101-01+07fd5d51f for .NET
  Determining projects to restore...
  Restored /Users/bykovas/CodeRepos/clients/lauresta/LKvitai.MES/src/LKvitai.MES.WebUI/LKvitai.MES.WebUI.csproj (in 37 ms).
  Restored /Users/bykovas/CodeRepos/clients/lauresta/LKvitai.MES/src/LKvitai.MES.SharedKernel/LKvitai.MES.SharedKernel.csproj (in 203 ms).
  Restored /Users/bykovas/CodeRepos/clients/lauresta/LKvitai.MES/src/LKvitai.MES.Integration/LKvitai.MES.Integration.csproj (in 157 ms).
  Restored /Users/bykovas/CodeRepos/clients/lauresta/LKvitai.MES/src/LKvitai.MES.Contracts/LKvitai.MES.Contracts.csproj (in 203 ms).
  Restored /Users/bykovas/CodeRepos/clients/lauresta/LKvitai.MES/tests/LKvitai.MES.Tests.E2E/LKvitai.MES.Tests.E2E.csproj (in 209 ms).
  Restored /Users/bykovas/CodeRepos/clients/lauresta/LKvitai.MES/tests/ArchitectureTests/LKvitai.MES.ArchitectureTests/LKvitai.MES.ArchitectureTests.csproj (in 8 ms).
  Restored /Users/bykovas/CodeRepos/clients/lauresta/LKvitai.MES/src/LKvitai.MES.Domain/LKvitai.MES.Domain.csproj (in 3 ms).
  Restored /Users/bykovas/CodeRepos/clients/lauresta/LKvitai.MES/src/LKvitai.MES.Projections/LKvitai.MES.Projections.csproj (in 306 ms).
  Restored /Users/bykovas/CodeRepos/clients/lauresta/LKvitai.MES/src/LKvitai.MES.Sagas/LKvitai.MES.Sagas.csproj (in 306 ms).
  Restored /Users/bykovas/CodeRepos/clients/lauresta/LKvitai.MES/src/LKvitai.MES.Application/LKvitai.MES.Application.csproj (in 306 ms).
  Restored /Users/bykovas/CodeRepos/clients/lauresta/LKvitai.MES/src/LKvitai.MES.Infrastructure/LKvitai.MES.Infrastructure.csproj (in 328 ms).
  Restored /Users/bykovas/CodeRepos/clients/lauresta/LKvitai.MES/src/LKvitai.MES.Api/LKvitai.MES.Api.csproj (in 135 ms).
  Restored /Users/bykovas/CodeRepos/clients/lauresta/LKvitai.MES/tests/LKvitai.MES.Tests.Unit/LKvitai.MES.Tests.Unit.csproj (in 342 ms).
  Restored /Users/bykovas/CodeRepos/clients/lauresta/LKvitai.MES/tests/LKvitai.MES.Tests.Integration/LKvitai.MES.Tests.Integration.csproj (in 342 ms).
  Restored /Users/bykovas/CodeRepos/clients/lauresta/LKvitai.MES/tests/LKvitai.MES.Tests.Property/LKvitai.MES.Tests.Property.csproj (in 215 ms).
/usr/local/share/dotnet/sdk/9.0.100-preview.1.24101.2/Sdks/Microsoft.NET.Sdk/targets/Microsoft.NET.RuntimeIdentifierInference.targets(313,5): message NETSDK1057: You are using a preview version of .NET. See: https://aka.ms/dotnet-support-policy [/Users/bykovas/CodeRepos/clients/lauresta/LKvitai.MES/src/LKvitai.MES.Integration/LKvitai.MES.Integration.csproj]
/usr/local/share/dotnet/sdk/9.0.100-preview.1.24101.2/Sdks/Microsoft.NET.Sdk/targets/Microsoft.NET.RuntimeIdentifierInference.targets(313,5): message NETSDK1057: You are using a preview version of .NET. See: https://aka.ms/dotnet-support-policy [/Users/bykovas/CodeRepos/clients/lauresta/LKvitai.MES/src/LKvitai.MES.SharedKernel/LKvitai.MES.SharedKernel.csproj]
/usr/local/share/dotnet/sdk/9.0.100-preview.1.24101.2/Sdks/Microsoft.NET.Sdk/targets/Microsoft.NET.RuntimeIdentifierInference.targets(313,5): message NETSDK1057: You are using a preview version of .NET. See: https://aka.ms/dotnet-support-policy [/Users/bykovas/CodeRepos/clients/lauresta/LKvitai.MES/src/LKvitai.MES.Contracts/LKvitai.MES.Contracts.csproj]
/usr/local/share/dotnet/sdk/9.0.100-preview.1.24101.2/Sdks/Microsoft.NET.Sdk/targets/Microsoft.NET.RuntimeIdentifierInference.targets(313,5): message NETSDK1057: You are using a preview version of .NET. See: https://aka.ms/dotnet-support-policy [/Users/bykovas/CodeRepos/clients/lauresta/LKvitai.MES/src/LKvitai.MES.Domain/LKvitai.MES.Domain.csproj]
/usr/local/share/dotnet/sdk/9.0.100-preview.1.24101.2/Sdks/Microsoft.NET.Sdk/targets/Microsoft.NET.RuntimeIdentifierInference.targets(313,5): message NETSDK1057: You are using a preview version of .NET. See: https://aka.ms/dotnet-support-policy [/Users/bykovas/CodeRepos/clients/lauresta/LKvitai.MES/src/LKvitai.MES.Application/LKvitai.MES.Application.csproj]
/usr/local/share/dotnet/sdk/9.0.100-preview.1.24101.2/Sdks/Microsoft.NET.Sdk/targets/Microsoft.NET.RuntimeIdentifierInference.targets(313,5): message NETSDK1057: You are using a preview version of .NET. See: https://aka.ms/dotnet-support-policy [/Users/bykovas/CodeRepos/clients/lauresta/LKvitai.MES/src/LKvitai.MES.Projections/LKvitai.MES.Projections.csproj]
/usr/local/share/dotnet/sdk/9.0.100-preview.1.24101.2/Sdks/Microsoft.NET.Sdk/targets/Microsoft.NET.RuntimeIdentifierInference.targets(313,5): message NETSDK1057: You are using a preview version of .NET. See: https://aka.ms/dotnet-support-policy [/Users/bykovas/CodeRepos/clients/lauresta/LKvitai.MES/tests/LKvitai.MES.Tests.Unit/LKvitai.MES.Tests.Unit.csproj]
/usr/local/share/dotnet/sdk/9.0.100-preview.1.24101.2/Sdks/Microsoft.NET.Sdk/targets/Microsoft.NET.RuntimeIdentifierInference.targets(313,5): message NETSDK1057: You are using a preview version of .NET. See: https://aka.ms/dotnet-support-policy [/Users/bykovas/CodeRepos/clients/lauresta/LKvitai.MES/src/LKvitai.MES.Infrastructure/LKvitai.MES.Infrastructure.csproj]
/usr/local/share/dotnet/sdk/9.0.100-preview.1.24101.2/Sdks/Microsoft.NET.Sdk/targets/Microsoft.NET.RuntimeIdentifierInference.targets(313,5): message NETSDK1057: You are using a preview version of .NET. See: https://aka.ms/dotnet-support-policy [/Users/bykovas/CodeRepos/clients/lauresta/LKvitai.MES/src/LKvitai.MES.Sagas/LKvitai.MES.Sagas.csproj]
/usr/local/share/dotnet/sdk/9.0.100-preview.1.24101.2/Sdks/Microsoft.NET.Sdk/targets/Microsoft.NET.RuntimeIdentifierInference.targets(313,5): message NETSDK1057: You are using a preview version of .NET. See: https://aka.ms/dotnet-support-policy [/Users/bykovas/CodeRepos/clients/lauresta/LKvitai.MES/src/LKvitai.MES.Api/LKvitai.MES.Api.csproj]
  LKvitai.MES.SharedKernel -> /Users/bykovas/CodeRepos/clients/lauresta/LKvitai.MES/src/LKvitai.MES.SharedKernel/bin/Debug/net8.0/LKvitai.MES.SharedKernel.dll
  LKvitai.MES.Tests.E2E -> /Users/bykovas/CodeRepos/clients/lauresta/LKvitai.MES/tests/LKvitai.MES.Tests.E2E/bin/Debug/net8.0/LKvitai.MES.Tests.E2E.dll
  LKvitai.MES.ArchitectureTests -> /Users/bykovas/CodeRepos/clients/lauresta/LKvitai.MES/tests/ArchitectureTests/LKvitai.MES.ArchitectureTests/bin/Debug/net8.0/LKvitai.MES.ArchitectureTests.dll
  LKvitai.MES.WebUI -> /Users/bykovas/CodeRepos/clients/lauresta/LKvitai.MES/src/LKvitai.MES.WebUI/bin/Debug/net8.0/LKvitai.MES.WebUI.dll
/Users/bykovas/CodeRepos/clients/lauresta/LKvitai.MES/src/LKvitai.MES.Contracts/Messages/PickStockMessages.cs(5,1): warning CS1587: XML comment is not placed on a valid language element [/Users/bykovas/CodeRepos/clients/lauresta/LKvitai.MES/src/LKvitai.MES.Contracts/LKvitai.MES.Contracts.csproj]
  LKvitai.MES.Contracts -> /Users/bykovas/CodeRepos/clients/lauresta/LKvitai.MES/src/LKvitai.MES.Contracts/bin/Debug/net8.0/LKvitai.MES.Contracts.dll
/Users/bykovas/CodeRepos/clients/lauresta/LKvitai.MES/src/LKvitai.MES.Integration/LabelPrinting/ILabelPrintingService.cs(7,31): warning CS1570: XML comment has badly formed XML -- 'An identifier was expected.' [/Users/bykovas/CodeRepos/clients/lauresta/LKvitai.MES/src/LKvitai.MES.Integration/LKvitai.MES.Integration.csproj]
/Users/bykovas/CodeRepos/clients/lauresta/LKvitai.MES/src/LKvitai.MES.Integration/LabelPrinting/ILabelPrintingService.cs(7,31): warning CS1570: XML comment has badly formed XML -- 'The character(s) '5' cannot be used at this location.' [/Users/bykovas/CodeRepos/clients/lauresta/LKvitai.MES/src/LKvitai.MES.Integration/LKvitai.MES.Integration.csproj]
  LKvitai.MES.Integration -> /Users/bykovas/CodeRepos/clients/lauresta/LKvitai.MES/src/LKvitai.MES.Integration/bin/Debug/net8.0/LKvitai.MES.Integration.dll
  LKvitai.MES.Domain -> /Users/bykovas/CodeRepos/clients/lauresta/LKvitai.MES/src/LKvitai.MES.Domain/bin/Debug/net8.0/LKvitai.MES.Domain.dll
  LKvitai.MES.Projections -> /Users/bykovas/CodeRepos/clients/lauresta/LKvitai.MES/src/LKvitai.MES.Projections/bin/Debug/net8.0/LKvitai.MES.Projections.dll
/Users/bykovas/CodeRepos/clients/lauresta/LKvitai.MES/src/LKvitai.MES.Application/Projections/IProjectionRebuildService.cs(26,14): warning CS1573: Parameter 'resetProgress' has no matching param tag in the XML comment for 'IProjectionRebuildService.RebuildProjectionAsync(string, bool, bool, CancellationToken)' (but other parameters do) [/Users/bykovas/CodeRepos/clients/lauresta/LKvitai.MES/src/LKvitai.MES.Application/LKvitai.MES.Application.csproj]
  LKvitai.MES.Application -> /Users/bykovas/CodeRepos/clients/lauresta/LKvitai.MES/src/LKvitai.MES.Application/bin/Debug/net8.0/LKvitai.MES.Application.dll
  LKvitai.MES.Tests.Property -> /Users/bykovas/CodeRepos/clients/lauresta/LKvitai.MES/tests/LKvitai.MES.Tests.Property/bin/Debug/net8.0/LKvitai.MES.Tests.Property.dll
  LKvitai.MES.Sagas -> /Users/bykovas/CodeRepos/clients/lauresta/LKvitai.MES/src/LKvitai.MES.Sagas/bin/Debug/net8.0/LKvitai.MES.Sagas.dll
  LKvitai.MES.Infrastructure -> /Users/bykovas/CodeRepos/clients/lauresta/LKvitai.MES/src/LKvitai.MES.Infrastructure/bin/Debug/net8.0/LKvitai.MES.Infrastructure.dll
  LKvitai.MES.Api -> /Users/bykovas/CodeRepos/clients/lauresta/LKvitai.MES/src/LKvitai.MES.Api/bin/Debug/net8.0/LKvitai.MES.Api.dll
  LKvitai.MES.Tests.Integration -> /Users/bykovas/CodeRepos/clients/lauresta/LKvitai.MES/tests/LKvitai.MES.Tests.Integration/bin/Debug/net8.0/LKvitai.MES.Tests.Integration.dll
  LKvitai.MES.Tests.Unit -> /Users/bykovas/CodeRepos/clients/lauresta/LKvitai.MES/tests/LKvitai.MES.Tests.Unit/bin/Debug/net8.0/LKvitai.MES.Tests.Unit.dll

Build succeeded.

/Users/bykovas/CodeRepos/clients/lauresta/LKvitai.MES/src/LKvitai.MES.Contracts/Messages/PickStockMessages.cs(5,1): warning CS1587: XML comment is not placed on a valid language element [/Users/bykovas/CodeRepos/clients/lauresta/LKvitai.MES/src/LKvitai.MES.Contracts/LKvitai.MES.Contracts.csproj]
/Users/bykovas/CodeRepos/clients/lauresta/LKvitai.MES/src/LKvitai.MES.Integration/LabelPrinting/ILabelPrintingService.cs(7,31): warning CS1570: XML comment has badly formed XML -- 'An identifier was expected.' [/Users/bykovas/CodeRepos/clients/lauresta/LKvitai.MES/src/LKvitai.MES.Integration/LKvitai.MES.Integration.csproj]
/Users/bykovas/CodeRepos/clients/lauresta/LKvitai.MES/src/LKvitai.MES.Integration/LabelPrinting/ILabelPrintingService.cs(7,31): warning CS1570: XML comment has badly formed XML -- 'The character(s) '5' cannot be used at this location.' [/Users/bykovas/CodeRepos/clients/lauresta/LKvitai.MES/src/LKvitai.MES.Integration/LKvitai.MES.Integration.csproj]
/Users/bykovas/CodeRepos/clients/lauresta/LKvitai.MES/src/LKvitai.MES.Application/Projections/IProjectionRebuildService.cs(26,14): warning CS1573: Parameter 'resetProgress' has no matching param tag in the XML comment for 'IProjectionRebuildService.RebuildProjectionAsync(string, bool, bool, CancellationToken)' (but other parameters do) [/Users/bykovas/CodeRepos/clients/lauresta/LKvitai.MES/src/LKvitai.MES.Application/LKvitai.MES.Application.csproj]
    4 Warning(s)
    0 Error(s)

Time Elapsed 00:00:19.32
  Determining projects to restore...
  All projects are up-to-date for restore.
/usr/local/share/dotnet/sdk/9.0.100-preview.1.24101.2/Sdks/Microsoft.NET.Sdk/targets/Microsoft.NET.RuntimeIdentifierInference.targets(313,5): message NETSDK1057: You are using a preview version of .NET. See: https://aka.ms/dotnet-support-policy [/Users/bykovas/CodeRepos/clients/lauresta/LKvitai.MES/tests/LKvitai.MES.Tests.Unit/LKvitai.MES.Tests.Unit.csproj]
/usr/local/share/dotnet/sdk/9.0.100-preview.1.24101.2/Sdks/Microsoft.NET.Sdk/targets/Microsoft.NET.RuntimeIdentifierInference.targets(313,5): message NETSDK1057: You are using a preview version of .NET. See: https://aka.ms/dotnet-support-policy [/Users/bykovas/CodeRepos/clients/lauresta/LKvitai.MES/tests/LKvitai.MES.Tests.Integration/LKvitai.MES.Tests.Integration.csproj]
/usr/local/share/dotnet/sdk/9.0.100-preview.1.24101.2/Sdks/Microsoft.NET.Sdk/targets/Microsoft.NET.RuntimeIdentifierInference.targets(313,5): message NETSDK1057: You are using a preview version of .NET. See: https://aka.ms/dotnet-support-policy [/Users/bykovas/CodeRepos/clients/lauresta/LKvitai.MES/tests/LKvitai.MES.Tests.Property/LKvitai.MES.Tests.Property.csproj]
/usr/local/share/dotnet/sdk/9.0.100-preview.1.24101.2/Sdks/Microsoft.NET.Sdk/targets/Microsoft.NET.RuntimeIdentifierInference.targets(313,5): message NETSDK1057: You are using a preview version of .NET. See: https://aka.ms/dotnet-support-policy [/Users/bykovas/CodeRepos/clients/lauresta/LKvitai.MES/tests/LKvitai.MES.Tests.E2E/LKvitai.MES.Tests.E2E.csproj]
/usr/local/share/dotnet/sdk/9.0.100-preview.1.24101.2/Sdks/Microsoft.NET.Sdk/targets/Microsoft.NET.RuntimeIdentifierInference.targets(313,5): message NETSDK1057: You are using a preview version of .NET. See: https://aka.ms/dotnet-support-policy [/Users/bykovas/CodeRepos/clients/lauresta/LKvitai.MES/tests/ArchitectureTests/LKvitai.MES.ArchitectureTests/LKvitai.MES.ArchitectureTests.csproj]
  LKvitai.MES.Tests.E2E -> /Users/bykovas/CodeRepos/clients/lauresta/LKvitai.MES/tests/LKvitai.MES.Tests.E2E/bin/Debug/net8.0/LKvitai.MES.Tests.E2E.dll
  LKvitai.MES.ArchitectureTests -> /Users/bykovas/CodeRepos/clients/lauresta/LKvitai.MES/tests/ArchitectureTests/LKvitai.MES.ArchitectureTests/bin/Debug/net8.0/LKvitai.MES.ArchitectureTests.dll
/usr/local/share/dotnet/sdk/9.0.100-preview.1.24101.2/Sdks/Microsoft.NET.Sdk/targets/Microsoft.NET.RuntimeIdentifierInference.targets(313,5): message NETSDK1057: You are using a preview version of .NET. See: https://aka.ms/dotnet-support-policy [/Users/bykovas/CodeRepos/clients/lauresta/LKvitai.MES/src/LKvitai.MES.Application/LKvitai.MES.Application.csproj]
/usr/local/share/dotnet/sdk/9.0.100-preview.1.24101.2/Sdks/Microsoft.NET.Sdk/targets/Microsoft.NET.RuntimeIdentifierInference.targets(313,5): message NETSDK1057: You are using a preview version of .NET. See: https://aka.ms/dotnet-support-policy [/Users/bykovas/CodeRepos/clients/lauresta/LKvitai.MES/src/LKvitai.MES.Projections/LKvitai.MES.Projections.csproj]
/usr/local/share/dotnet/sdk/9.0.100-preview.1.24101.2/Sdks/Microsoft.NET.Sdk/targets/Microsoft.NET.RuntimeIdentifierInference.targets(313,5): message NETSDK1057: You are using a preview version of .NET. See: https://aka.ms/dotnet-support-policy [/Users/bykovas/CodeRepos/clients/lauresta/LKvitai.MES/src/LKvitai.MES.Sagas/LKvitai.MES.Sagas.csproj]
/usr/local/share/dotnet/sdk/9.0.100-preview.1.24101.2/Sdks/Microsoft.NET.Sdk/targets/Microsoft.NET.RuntimeIdentifierInference.targets(313,5): message NETSDK1057: You are using a preview version of .NET. See: https://aka.ms/dotnet-support-policy [/Users/bykovas/CodeRepos/clients/lauresta/LKvitai.MES/src/LKvitai.MES.Infrastructure/LKvitai.MES.Infrastructure.csproj]
/usr/local/share/dotnet/sdk/9.0.100-preview.1.24101.2/Sdks/Microsoft.NET.Sdk/targets/Microsoft.NET.RuntimeIdentifierInference.targets(313,5): message NETSDK1057: You are using a preview version of .NET. See: https://aka.ms/dotnet-support-policy [/Users/bykovas/CodeRepos/clients/lauresta/LKvitai.MES/src/LKvitai.MES.Api/LKvitai.MES.Api.csproj]
  LKvitai.MES.SharedKernel -> /Users/bykovas/CodeRepos/clients/lauresta/LKvitai.MES/src/LKvitai.MES.SharedKernel/bin/Debug/net8.0/LKvitai.MES.SharedKernel.dll
  LKvitai.MES.Contracts -> /Users/bykovas/CodeRepos/clients/lauresta/LKvitai.MES/src/LKvitai.MES.Contracts/bin/Debug/net8.0/LKvitai.MES.Contracts.dll
  LKvitai.MES.WebUI -> /Users/bykovas/CodeRepos/clients/lauresta/LKvitai.MES/src/LKvitai.MES.WebUI/bin/Debug/net8.0/LKvitai.MES.WebUI.dll
  LKvitai.MES.Integration -> /Users/bykovas/CodeRepos/clients/lauresta/LKvitai.MES/src/LKvitai.MES.Integration/bin/Debug/net8.0/LKvitai.MES.Integration.dll
  LKvitai.MES.Domain -> /Users/bykovas/CodeRepos/clients/lauresta/LKvitai.MES/src/LKvitai.MES.Domain/bin/Debug/net8.0/LKvitai.MES.Domain.dll
  LKvitai.MES.Projections -> /Users/bykovas/CodeRepos/clients/lauresta/LKvitai.MES/src/LKvitai.MES.Projections/bin/Debug/net8.0/LKvitai.MES.Projections.dll
  LKvitai.MES.Application -> /Users/bykovas/CodeRepos/clients/lauresta/LKvitai.MES/src/LKvitai.MES.Application/bin/Debug/net8.0/LKvitai.MES.Application.dll
  LKvitai.MES.Tests.Property -> /Users/bykovas/CodeRepos/clients/lauresta/LKvitai.MES/tests/LKvitai.MES.Tests.Property/bin/Debug/net8.0/LKvitai.MES.Tests.Property.dll
  LKvitai.MES.Sagas -> /Users/bykovas/CodeRepos/clients/lauresta/LKvitai.MES/src/LKvitai.MES.Sagas/bin/Debug/net8.0/LKvitai.MES.Sagas.dll
  LKvitai.MES.Infrastructure -> /Users/bykovas/CodeRepos/clients/lauresta/LKvitai.MES/src/LKvitai.MES.Infrastructure/bin/Debug/net8.0/LKvitai.MES.Infrastructure.dll
  LKvitai.MES.Api -> /Users/bykovas/CodeRepos/clients/lauresta/LKvitai.MES/src/LKvitai.MES.Api/bin/Debug/net8.0/LKvitai.MES.Api.dll
  LKvitai.MES.Tests.Integration -> /Users/bykovas/CodeRepos/clients/lauresta/LKvitai.MES/tests/LKvitai.MES.Tests.Integration/bin/Debug/net8.0/LKvitai.MES.Tests.Integration.dll
/Users/bykovas/CodeRepos/clients/lauresta/LKvitai.MES/tests/LKvitai.MES.Tests.Integration/MigrationTests.cs(74): error VSTEST1: (LKvitai.MES.Tests.Integration.MigrationTests.MigrationScripts_ShouldContainAddColumnScenario) LKvitai.MES.Tests.Integration.MigrationTests.GetMigrationFiles() System.IO.DirectoryNotFoundException : Could not find a part of the path '/Users/bykovas/CodeRepos/clients/lauresta/LKvitai.MES/LKvitai.MES.Infrastructure/Persistence/Migrations'. [/Users/bykovas/CodeRepos/clients/lauresta/LKvitai.MES/tests/LKvitai.MES.Tests.Integration/LKvitai.MES.Tests.Integration.csproj]
/Users/bykovas/CodeRepos/clients/lauresta/LKvitai.MES/tests/LKvitai.MES.Tests.Integration/MigrationTests.cs(74): error VSTEST1: (LKvitai.MES.Tests.Integration.MigrationTests.LastFiveMigrations_ShouldDefineDownRollbackLogic) LKvitai.MES.Tests.Integration.MigrationTests.GetMigrationFiles() System.IO.DirectoryNotFoundException : Could not find a part of the path '/Users/bykovas/CodeRepos/clients/lauresta/LKvitai.MES/LKvitai.MES.Infrastructure/Persistence/Migrations'. [/Users/bykovas/CodeRepos/clients/lauresta/LKvitai.MES/tests/LKvitai.MES.Tests.Integration/LKvitai.MES.Tests.Integration.csproj]
/Users/bykovas/CodeRepos/clients/lauresta/LKvitai.MES/tests/LKvitai.MES.Tests.Integration/MigrationTests.cs(74): error VSTEST1: (LKvitai.MES.Tests.Integration.MigrationTests.MigrationScripts_ShouldContainAddTableScenario) LKvitai.MES.Tests.Integration.MigrationTests.GetMigrationFiles() System.IO.DirectoryNotFoundException : Could not find a part of the path '/Users/bykovas/CodeRepos/clients/lauresta/LKvitai.MES/LKvitai.MES.Infrastructure/Persistence/Migrations'. [/Users/bykovas/CodeRepos/clients/lauresta/LKvitai.MES/tests/LKvitai.MES.Tests.Integration/LKvitai.MES.Tests.Integration.csproj]
/Users/bykovas/CodeRepos/clients/lauresta/LKvitai.MES/tests/LKvitai.MES.Tests.Integration/MigrationTests.cs(74): error VSTEST1: (LKvitai.MES.Tests.Integration.MigrationTests.MigrationScripts_ShouldContainRenameOrDropColumnScenario) LKvitai.MES.Tests.Integration.MigrationTests.GetMigrationFiles() System.IO.DirectoryNotFoundException : Could not find a part of the path '/Users/bykovas/CodeRepos/clients/lauresta/LKvitai.MES/LKvitai.MES.Infrastructure/Persistence/Migrations'. [/Users/bykovas/CodeRepos/clients/lauresta/LKvitai.MES/tests/LKvitai.MES.Tests.Integration/LKvitai.MES.Tests.Integration.csproj]
/Users/bykovas/CodeRepos/clients/lauresta/LKvitai.MES/tests/LKvitai.MES.Tests.Integration/MigrationTests.cs(74): error VSTEST1: (LKvitai.MES.Tests.Integration.MigrationTests.MigrationScripts_ShouldContainDataIntegrityOperations) LKvitai.MES.Tests.Integration.MigrationTests.GetMigrationFiles() System.IO.DirectoryNotFoundException : Could not find a part of the path '/Users/bykovas/CodeRepos/clients/lauresta/LKvitai.MES/LKvitai.MES.Infrastructure/Persistence/Migrations'. [/Users/bykovas/CodeRepos/clients/lauresta/LKvitai.MES/tests/LKvitai.MES.Tests.Integration/LKvitai.MES.Tests.Integration.csproj]
/Users/bykovas/CodeRepos/clients/lauresta/LKvitai.MES/tests/LKvitai.MES.Tests.Integration/MigrationTests.cs(74): error VSTEST1: (LKvitai.MES.Tests.Integration.MigrationTests.MigrationScripts_ShouldContainAddIndexScenario) LKvitai.MES.Tests.Integration.MigrationTests.GetMigrationFiles() System.IO.DirectoryNotFoundException : Could not find a part of the path '/Users/bykovas/CodeRepos/clients/lauresta/LKvitai.MES/LKvitai.MES.Infrastructure/Persistence/Migrations'. [/Users/bykovas/CodeRepos/clients/lauresta/LKvitai.MES/tests/LKvitai.MES.Tests.Integration/LKvitai.MES.Tests.Integration.csproj]
/Users/bykovas/CodeRepos/clients/lauresta/LKvitai.MES/tests/LKvitai.MES.Tests.Integration/CanaryDeploymentTests.cs(10): error VSTEST1: (LKvitai.MES.Tests.Integration.CanaryDeploymentTests.CanaryScripts_ShouldExist) LKvitai.MES.Tests.Integration.CanaryDeploymentTests.CanaryScripts_ShouldExist() Assert.True() Failure Expected: True Actual:   False [/Users/bykovas/CodeRepos/clients/lauresta/LKvitai.MES/tests/LKvitai.MES.Tests.Integration/LKvitai.MES.Tests.Integration.csproj]
/Users/bykovas/CodeRepos/clients/lauresta/LKvitai.MES/tests/LKvitai.MES.Tests.Integration/CanaryDeploymentTests.cs(26): error VSTEST1: (LKvitai.MES.Tests.Integration.CanaryDeploymentTests.ProgressScript_ShouldHandle10To50To100Phases) LKvitai.MES.Tests.Integration.CanaryDeploymentTests.ProgressScript_ShouldHandle10To50To100Phases() System.IO.DirectoryNotFoundException : Could not find a part of the path '/Users/bykovas/CodeRepos/clients/lauresta/scripts/canary/progress-canary.sh'. [/Users/bykovas/CodeRepos/clients/lauresta/LKvitai.MES/tests/LKvitai.MES.Tests.Integration/LKvitai.MES.Tests.Integration.csproj]
/Users/bykovas/CodeRepos/clients/lauresta/LKvitai.MES/tests/LKvitai.MES.Tests.Integration/RollbackTests.cs(35): error VSTEST1: (LKvitai.MES.Tests.Integration.RollbackTests.FullRollbackScript_ShouldOrchestrateApiDatabaseAndSmokeValidation) LKvitai.MES.Tests.Integration.RollbackTests.FullRollbackScript_ShouldOrchestrateApiDatabaseAndSmokeValidation() System.IO.DirectoryNotFoundException : Could not find a part of the path '/Users/bykovas/CodeRepos/clients/lauresta/scripts/rollback/rollback-full.sh'. [/Users/bykovas/CodeRepos/clients/lauresta/LKvitai.MES/tests/LKvitai.MES.Tests.Integration/LKvitai.MES.Tests.Integration.csproj]
/Users/bykovas/CodeRepos/clients/lauresta/LKvitai.MES/tests/LKvitai.MES.Tests.Integration/CanaryDeploymentTests.cs(40): error VSTEST1: (LKvitai.MES.Tests.Integration.CanaryDeploymentTests.ErrorInjectionScript_ShouldSupportAutoRollbackTesting) LKvitai.MES.Tests.Integration.CanaryDeploymentTests.ErrorInjectionScript_ShouldSupportAutoRollbackTesting() System.IO.DirectoryNotFoundException : Could not find a part of the path '/Users/bykovas/CodeRepos/clients/lauresta/scripts/canary/inject-errors.sh'. [/Users/bykovas/CodeRepos/clients/lauresta/LKvitai.MES/tests/LKvitai.MES.Tests.Integration/LKvitai.MES.Tests.Integration.csproj]
/Users/bykovas/CodeRepos/clients/lauresta/LKvitai.MES/tests/LKvitai.MES.Tests.Integration/RollbackTests.cs(44): error VSTEST1: (LKvitai.MES.Tests.Integration.RollbackTests.ComposeConfig_ShouldUseVersionPinnedImageTags) LKvitai.MES.Tests.Integration.RollbackTests.ComposeConfig_ShouldUseVersionPinnedImageTags() System.IO.FileNotFoundException : Could not find file '/Users/bykovas/CodeRepos/clients/lauresta/docker-compose.test.yml'. [/Users/bykovas/CodeRepos/clients/lauresta/LKvitai.MES/tests/LKvitai.MES.Tests.Integration/LKvitai.MES.Tests.Integration.csproj]
/Users/bykovas/CodeRepos/clients/lauresta/LKvitai.MES/tests/LKvitai.MES.Tests.Integration/CanaryDeploymentTests.cs(33): error VSTEST1: (LKvitai.MES.Tests.Integration.CanaryDeploymentTests.RollbackScript_ShouldResetTrafficToStable) LKvitai.MES.Tests.Integration.CanaryDeploymentTests.RollbackScript_ShouldResetTrafficToStable() System.IO.DirectoryNotFoundException : Could not find a part of the path '/Users/bykovas/CodeRepos/clients/lauresta/scripts/canary/rollback-canary.sh'. [/Users/bykovas/CodeRepos/clients/lauresta/LKvitai.MES/tests/LKvitai.MES.Tests.Integration/LKvitai.MES.Tests.Integration.csproj]
/Users/bykovas/CodeRepos/clients/lauresta/LKvitai.MES/tests/LKvitai.MES.Tests.Integration/RollbackTests.cs(10): error VSTEST1: (LKvitai.MES.Tests.Integration.RollbackTests.RollbackScripts_ShouldExist) LKvitai.MES.Tests.Integration.RollbackTests.RollbackScripts_ShouldExist() Assert.True() Failure Expected: True Actual:   False [/Users/bykovas/CodeRepos/clients/lauresta/LKvitai.MES/tests/LKvitai.MES.Tests.Integration/LKvitai.MES.Tests.Integration.csproj]
/Users/bykovas/CodeRepos/clients/lauresta/LKvitai.MES/tests/LKvitai.MES.Tests.Integration/CanaryDeploymentTests.cs(18): error VSTEST1: (LKvitai.MES.Tests.Integration.CanaryDeploymentTests.DeployScript_ShouldSupportVersionAndTrafficArguments) LKvitai.MES.Tests.Integration.CanaryDeploymentTests.DeployScript_ShouldSupportVersionAndTrafficArguments() System.IO.DirectoryNotFoundException : Could not find a part of the path '/Users/bykovas/CodeRepos/clients/lauresta/scripts/canary/deploy-canary.sh'. [/Users/bykovas/CodeRepos/clients/lauresta/LKvitai.MES/tests/LKvitai.MES.Tests.Integration/LKvitai.MES.Tests.Integration.csproj]
/Users/bykovas/CodeRepos/clients/lauresta/LKvitai.MES/tests/LKvitai.MES.Tests.Integration/RollbackTests.cs(27): error VSTEST1: (LKvitai.MES.Tests.Integration.RollbackTests.DatabaseRollbackScript_ShouldTargetSpecificMigration) LKvitai.MES.Tests.Integration.RollbackTests.DatabaseRollbackScript_ShouldTargetSpecificMigration() System.IO.DirectoryNotFoundException : Could not find a part of the path '/Users/bykovas/CodeRepos/clients/lauresta/scripts/rollback/rollback-database.sh'. [/Users/bykovas/CodeRepos/clients/lauresta/LKvitai.MES/tests/LKvitai.MES.Tests.Integration/LKvitai.MES.Tests.Integration.csproj]
/Users/bykovas/CodeRepos/clients/lauresta/LKvitai.MES/tests/LKvitai.MES.Tests.Integration/RollbackTests.cs(18): error VSTEST1: (LKvitai.MES.Tests.Integration.RollbackTests.ApiRollbackScript_ShouldRequireExplicitVersionTag) LKvitai.MES.Tests.Integration.RollbackTests.ApiRollbackScript_ShouldRequireExplicitVersionTag() System.IO.DirectoryNotFoundException : Could not find a part of the path '/Users/bykovas/CodeRepos/clients/lauresta/scripts/rollback/rollback-api.sh'. [/Users/bykovas/CodeRepos/clients/lauresta/LKvitai.MES/tests/LKvitai.MES.Tests.Integration/LKvitai.MES.Tests.Integration.csproj]
/Users/bykovas/CodeRepos/clients/lauresta/LKvitai.MES/tests/LKvitai.MES.Tests.Integration/BlueGreenDeploymentTests.cs(24): error VSTEST1: (LKvitai.MES.Tests.Integration.BlueGreenDeploymentTests.RollbackScript_ShouldSetBlueAsActiveEnvironment) LKvitai.MES.Tests.Integration.BlueGreenDeploymentTests.RollbackScript_ShouldSetBlueAsActiveEnvironment() System.IO.DirectoryNotFoundException : Could not find a part of the path '/Users/bykovas/CodeRepos/clients/lauresta/scripts/blue-green/rollback-to-blue.sh'. [/Users/bykovas/CodeRepos/clients/lauresta/LKvitai.MES/tests/LKvitai.MES.Tests.Integration/LKvitai.MES.Tests.Integration.csproj]
/Users/bykovas/CodeRepos/clients/lauresta/LKvitai.MES/tests/LKvitai.MES.Tests.Integration/BlueGreenDeploymentTests.cs(16): error VSTEST1: (LKvitai.MES.Tests.Integration.BlueGreenDeploymentTests.SwitchScript_ShouldSetGreenAsActiveEnvironment) LKvitai.MES.Tests.Integration.BlueGreenDeploymentTests.SwitchScript_ShouldSetGreenAsActiveEnvironment() System.IO.DirectoryNotFoundException : Could not find a part of the path '/Users/bykovas/CodeRepos/clients/lauresta/scripts/blue-green/switch-to-green.sh'. [/Users/bykovas/CodeRepos/clients/lauresta/LKvitai.MES/tests/LKvitai.MES.Tests.Integration/LKvitai.MES.Tests.Integration.csproj]
/Users/bykovas/CodeRepos/clients/lauresta/LKvitai.MES/tests/LKvitai.MES.Tests.Integration/BlueGreenDeploymentTests.cs(31): error VSTEST1: (LKvitai.MES.Tests.Integration.BlueGreenDeploymentTests.DeploymentFlow_ShouldSupportBlueToGreenAndRollback) LKvitai.MES.Tests.Integration.BlueGreenDeploymentTests.DeploymentFlow_ShouldSupportBlueToGreenAndRollback() System.IO.DirectoryNotFoundException : Could not find a part of the path '/Users/bykovas/CodeRepos/clients/lauresta/scripts/blue-green/deploy-green.sh'. [/Users/bykovas/CodeRepos/clients/lauresta/LKvitai.MES/tests/LKvitai.MES.Tests.Integration/LKvitai.MES.Tests.Integration.csproj]
/Users/bykovas/CodeRepos/clients/lauresta/LKvitai.MES/tests/LKvitai.MES.Tests.Integration/BlueGreenDeploymentTests.cs(10): error VSTEST1: (LKvitai.MES.Tests.Integration.BlueGreenDeploymentTests.BlueGreenComposeFile_ShouldExist) LKvitai.MES.Tests.Integration.BlueGreenDeploymentTests.BlueGreenComposeFile_ShouldExist() Assert.True() Failure Expected: True Actual:   False [/Users/bykovas/CodeRepos/clients/lauresta/LKvitai.MES/tests/LKvitai.MES.Tests.Integration/LKvitai.MES.Tests.Integration.csproj]
  LKvitai.MES.Tests.Unit -> /Users/bykovas/CodeRepos/clients/lauresta/LKvitai.MES/tests/LKvitai.MES.Tests.Unit/bin/Debug/net8.0/LKvitai.MES.Tests.Unit.dll
